MedFilter 30.6192
MedFilter 31.0063
MedFilter 32.1776
MedFilter 32.2216
MedFilter 31.4863
MedFilter 30.6919
MedFilter 31.5477
MedFilter 30.8834
MedFilter 30.6202
MedFilter 31.6686
MedFilter 30.4048
MedFilter 31.0965
MedFilter 31.0291
MedFilter 31.2395
MedFilter 30.562
MedFilter 30.4844
MedFilter 53.9829
MedFilter 31.117
MedFilter 31.5117
MedFilter 32.2024
MedFilter 31.4149
MedFilter 32.1397
MedFilter 30.8864
MedFilter 31.63
MedFilter 37.0865
MedFilter 32.362
MedFilter 30.8445
MedFilter 30.5178
MedFilter 31.4955
MedFilter 31.1477
MedFilter 30.719
MedFilter 30.7199
MedFilter 31.0123
MedFilter 30.8765
MedFilter 33.8765
MedFilter 31.6524
MedFilter 32.7256
MedFilter 31.2993
MedFilter 31.8054
MedFilter 30.8838
MedFilter 30.6588
MedFilter 30.6288
MedFilter 32.6028
MedFilter 30.5931
MedFilter 31.3647
MedFilter 31.958
MedFilter 30.6711
MedFilter 30.9214
MedFilter 31.2854
MedFilter 30.6684
MedFilter 34.0958
MedFilter 31.6729
MedFilter 36.7205
MedFilter 30.9036
MedFilter 31.4912
